<?xml version="1.0" encoding="UTF-8"?>
<!-- Generated by org.testng.reporters.JUnitReportReporter -->
<testsuite hostname="LAPTOP-E3C55DDT" failures="0" tests="1" name="test.FbloginTest" time="0.233" errors="0" timestamp="2023-10-08T19:33:04 GMT+12:00" skipped="0">
  <testcase classname="test.FbloginTest" name="test" time="0.233"/>
  <system-out/>
</testsuite> <!-- test.FbloginTest -->
